<?xml version="1.0" encoding="UTF-8"?>
<testng-results ignored="0" total="7" passed="7" failed="0" skipped="0">
  <reporter-output>
  </reporter-output>
  <suite started-at="2025-03-25T20:04:57 IST" name="Surefire suite" finished-at="2025-03-25T20:10:36 IST" duration-ms="338478">
    <groups>
      <group name="cucumber">
        <method signature="AbstractTestNGCucumberTests.runScenario(io.cucumber.testng.PickleWrapper,io.cucumber.testng.FeatureWrapper)[pri:0, instance:runners.TestRunner@2fc07784]" name="runScenario" class="io.cucumber.testng.AbstractTestNGCucumberTests"/>
      </group> <!-- cucumber -->
    </groups>
    <test started-at="2025-03-25T20:04:57 IST" name="Surefire test" finished-at="2025-03-25T20:10:36 IST" duration-ms="338478">
      <class name="runners.TestRunner">
        <test-method is-config="true" signature="setUpClass(org.testng.ITestContext)[pri:0, instance:runners.TestRunner@2fc07784]" started-at="2025-03-25T20:04:57 IST" name="setUpClass" finished-at="2025-03-25T20:04:59 IST" duration-ms="2057" status="PASS">
          <params>
            <param index="0">
              <value>
                <![CDATA[org.testng.TestRunner@6edcd0d8]]>
              </value>
            </param>
          </params>
          <reporter-output>
          </reporter-output>
        </test-method> <!-- setUpClass -->
        <test-method is-config="true" signature="setUpClass(java.lang.String)[pri:0, instance:runners.TestRunner@2fc07784]" started-at="2025-03-25T20:04:59 IST" name="setUpClass" finished-at="2025-03-25T20:04:59 IST" duration-ms="8" status="PASS">
          <params>
            <param index="0">
              <value>
                <![CDATA[chrome]]>
              </value>
            </param>
          </params>
          <reporter-output>
          </reporter-output>
        </test-method> <!-- setUpClass -->
        <test-method signature="runScenario(io.cucumber.testng.PickleWrapper,io.cucumber.testng.FeatureWrapper)[pri:0, instance:runners.TestRunner@2fc07784]" started-at="2025-03-25T20:04:59 IST" name="runScenario" description="Runs Cucumber Scenarios" data-provider="scenarios" finished-at="2025-03-25T20:05:50 IST" duration-ms="50692" status="PASS">
          <params>
            <param index="0">
              <value>
                <![CDATA["Registration and Login with Registered Credentials"]]>
              </value>
            </param>
            <param index="1">
              <value>
                <![CDATA["Demo Web Shop Registration, Login, and Checkout"]]>
              </value>
            </param>
          </params>
          <reporter-output>
          </reporter-output>
        </test-method> <!-- runScenario -->
        <test-method signature="runScenario(io.cucumber.testng.PickleWrapper,io.cucumber.testng.FeatureWrapper)[pri:0, instance:runners.TestRunner@2fc07784]" started-at="2025-03-25T20:05:50 IST" name="runScenario" description="Runs Cucumber Scenarios" data-provider="scenarios" finished-at="2025-03-25T20:06:33 IST" duration-ms="42892" status="PASS">
          <params>
            <param index="0">
              <value>
                <![CDATA["Login with Predefined Credentials"]]>
              </value>
            </param>
            <param index="1">
              <value>
                <![CDATA["Demo Web Shop Registration, Login, and Checkout"]]>
              </value>
            </param>
          </params>
          <reporter-output>
          </reporter-output>
        </test-method> <!-- runScenario -->
        <test-method signature="runScenario(io.cucumber.testng.PickleWrapper,io.cucumber.testng.FeatureWrapper)[pri:0, instance:runners.TestRunner@2fc07784]" started-at="2025-03-25T20:06:33 IST" name="runScenario" description="Runs Cucumber Scenarios" data-provider="scenarios" finished-at="2025-03-25T20:07:12 IST" duration-ms="39452" status="PASS">
          <params>
            <param index="0">
              <value>
                <![CDATA["Login with Predefined Credentials"]]>
              </value>
            </param>
            <param index="1">
              <value>
                <![CDATA["Demo Web Shop Registration, Login, and Checkout"]]>
              </value>
            </param>
          </params>
          <reporter-output>
          </reporter-output>
        </test-method> <!-- runScenario -->
        <test-method signature="runScenario(io.cucumber.testng.PickleWrapper,io.cucumber.testng.FeatureWrapper)[pri:0, instance:runners.TestRunner@2fc07784]" started-at="2025-03-25T20:07:12 IST" name="runScenario" description="Runs Cucumber Scenarios" data-provider="scenarios" finished-at="2025-03-25T20:07:54 IST" duration-ms="41690" status="PASS">
          <params>
            <param index="0">
              <value>
                <![CDATA["Add Product to Shopping Cart"]]>
              </value>
            </param>
            <param index="1">
              <value>
                <![CDATA["Demo Web Shop Registration, Login, and Checkout"]]>
              </value>
            </param>
          </params>
          <reporter-output>
          </reporter-output>
        </test-method> <!-- runScenario -->
        <test-method signature="runScenario(io.cucumber.testng.PickleWrapper,io.cucumber.testng.FeatureWrapper)[pri:0, instance:runners.TestRunner@2fc07784]" started-at="2025-03-25T20:07:54 IST" name="runScenario" description="Runs Cucumber Scenarios" data-provider="scenarios" finished-at="2025-03-25T20:08:39 IST" duration-ms="44790" status="PASS">
          <params>
            <param index="0">
              <value>
                <![CDATA["Adding Multiple Products to Cart & Validating Cart Summary"]]>
              </value>
            </param>
            <param index="1">
              <value>
                <![CDATA["Demo Web Shop Registration, Login, and Checkout"]]>
              </value>
            </param>
          </params>
          <reporter-output>
          </reporter-output>
        </test-method> <!-- runScenario -->
        <test-method signature="runScenario(io.cucumber.testng.PickleWrapper,io.cucumber.testng.FeatureWrapper)[pri:0, instance:runners.TestRunner@2fc07784]" started-at="2025-03-25T20:08:39 IST" name="runScenario" description="Runs Cucumber Scenarios" data-provider="scenarios" finished-at="2025-03-25T20:09:36 IST" duration-ms="57062" status="PASS">
          <params>
            <param index="0">
              <value>
                <![CDATA["Checkout Process with Complete Flow"]]>
              </value>
            </param>
            <param index="1">
              <value>
                <![CDATA["Demo Web Shop Registration, Login, and Checkout"]]>
              </value>
            </param>
          </params>
          <reporter-output>
          </reporter-output>
        </test-method> <!-- runScenario -->
        <test-method signature="runScenario(io.cucumber.testng.PickleWrapper,io.cucumber.testng.FeatureWrapper)[pri:0, instance:runners.TestRunner@2fc07784]" started-at="2025-03-25T20:09:36 IST" name="runScenario" description="Runs Cucumber Scenarios" data-provider="scenarios" finished-at="2025-03-25T20:10:36 IST" duration-ms="59680" status="PASS">
          <params>
            <param index="0">
              <value>
                <![CDATA["Applying an Invalid Coupon Code and Verifying Error Message"]]>
              </value>
            </param>
            <param index="1">
              <value>
                <![CDATA["Demo Web Shop Registration, Login, and Checkout"]]>
              </value>
            </param>
          </params>
          <reporter-output>
          </reporter-output>
        </test-method> <!-- runScenario -->
        <test-method is-config="true" signature="tearDownClass()[pri:0, instance:runners.TestRunner@2fc07784]" started-at="2025-03-25T20:10:36 IST" name="tearDownClass" finished-at="2025-03-25T20:10:36 IST" duration-ms="60" status="PASS">
          <reporter-output>
          </reporter-output>
        </test-method> <!-- tearDownClass -->
      </class> <!-- runners.TestRunner -->
    </test> <!-- Surefire test -->
  </suite> <!-- Surefire suite -->
</testng-results>
